
SQL*Loader: Release 11.2.0.2.0 - Production on Mon May 17 01:52:25 2021

Copyright (c) 1982, 2009, Oracle and/or its affiliates.  All rights reserved.

Control File:   ctls/eventInvitations.ctl
Data File:      csv/eventInvitations.csv
  Bad File:     ctls/eventInvitations.bad
  Discard File:  none specified
 
 (Allow all discards)

Number to load: ALL
Number to skip: 0
Errors allowed: 50
Bind array:     64 rows, maximum of 256000 bytes
Continuation:    none specified
Path used:      Conventional

Table EVENTINVITATIONS, loaded from every logical record.
Insert option in effect for this table: INSERT

   Column Name                  Position   Len  Term Encl Datatype
------------------------------ ---------- ----- ---- ---- ---------------------
EVENTID                             FIRST     *   ,  O(") CHARACTER            
INVITERUSERNAME                      NEXT     *   ,  O(") CHARACTER            
INVITEEUSERNAME                      NEXT     *   ,  O(") CHARACTER            
INVITATIONMESSAGE                    NEXT     *   ,  O(") CHARACTER            
STATUS                               NEXT     *   ,  O(") CHARACTER            

Record 1: Rejected - Error on table EVENTINVITATIONS.
ORA-02291: integrity constraint (EVENT_APP.EVENTINVITATIONSFK) violated - parent key not found

Record 2: Rejected - Error on table EVENTINVITATIONS.
ORA-02291: integrity constraint (EVENT_APP.EVENTINVITATIONSFK) violated - parent key not found


Table EVENTINVITATIONS:
  0 Rows successfully loaded.
  2 Rows not loaded due to data errors.
  0 Rows not loaded because all WHEN clauses were failed.
  0 Rows not loaded because all fields were null.


Space allocated for bind array:                  82560 bytes(64 rows)
Read   buffer bytes: 1048576

Total logical records skipped:          0
Total logical records read:             2
Total logical records rejected:         2
Total logical records discarded:        0

Run began on Mon May 17 01:52:25 2021
Run ended on Mon May 17 01:52:25 2021

Elapsed time was:     00:00:00.03
CPU time was:         00:00:00.00
