
SQL*Loader: Release 11.2.0.2.0 - Production on Wed Apr 21 21:44:37 2021

Copyright (c) 1982, 2009, Oracle and/or its affiliates.  All rights reserved.

Control File:   ctls/events.ctl
Data File:      csv/events.csv
  Bad File:     ctls/events.bad
  Discard File:  none specified
 
 (Allow all discards)

Number to load: ALL
Number to skip: 0
Errors allowed: 50
Bind array:     64 rows, maximum of 256000 bytes
Continuation:    none specified
Path used:      Conventional

Table EVENTS, loaded from every logical record.
Insert option in effect for this table: INSERT

   Column Name                  Position   Len  Term Encl Datatype
------------------------------ ---------- ----- ---- ---- ---------------------
EVENTID                             FIRST     *   ,  O(") CHARACTER            
DESCRIPTION                          NEXT     *   ,  O(") CHARACTER            
EVENTTIME                            NEXT     *   ,  O(") DATE YYYY/MM/DD hh24:mi:ss
LOCATION                             NEXT     *   ,  O(") CHARACTER            
OWNERUSERNAME                        NEXT     *   ,  O(") CHARACTER            
ASSOCIATEDGROUP                      NEXT     *   ,  O(") CHARACTER            
ACCESSSTATUS                         NEXT     *   ,  O(") CHARACTER            
ASSOCIATEDSCHOOL                     NEXT     *   ,  O(") CHARACTER            
CREATORUSERNAME                      NEXT     *   ,  O(") CHARACTER            

SQL*Loader-601: For INSERT option, table must be empty.  Error on table EVENTS
