
SQL*Loader: Release 11.2.0.2.0 - Production on Wed Apr 21 21:44:37 2021

Copyright (c) 1982, 2009, Oracle and/or its affiliates.  All rights reserved.

Control File:   ctls/groups.ctl
Data File:      csv/groups.csv
  Bad File:     ctls/groups.bad
  Discard File:  none specified
 
 (Allow all discards)

Number to load: ALL
Number to skip: 0
Errors allowed: 50
Bind array:     64 rows, maximum of 256000 bytes
Continuation:    none specified
Path used:      Conventional

Table GROUPS, loaded from every logical record.
Insert option in effect for this table: INSERT

   Column Name                  Position   Len  Term Encl Datatype
------------------------------ ---------- ----- ---- ---- ---------------------
GROUPID                             FIRST     *   ,  O(") CHARACTER            
GROUPNAME                            NEXT     *   ,  O(") CHARACTER            
GROUPDESC                            NEXT     *   ,  O(") CHARACTER            
OWNERUSERNAME                        NEXT     *   ,  O(") CHARACTER            

SQL*Loader-601: For INSERT option, table must be empty.  Error on table GROUPS
