
SQL*Loader: Release 11.2.0.2.0 - Production on Tue Apr 27 02:14:12 2021

Copyright (c) 1982, 2009, Oracle and/or its affiliates.  All rights reserved.

Control File:   ctls/groupMembership.ctl
Data File:      csv/groupMembership.csv
  Bad File:     ctls/groupMembership.bad
  Discard File:  none specified
 
 (Allow all discards)

Number to load: ALL
Number to skip: 0
Errors allowed: 50
Bind array:     64 rows, maximum of 256000 bytes
Continuation:    none specified
Path used:      Conventional

Table GROUPMEMBERSHIP, loaded from every logical record.
Insert option in effect for this table: INSERT

   Column Name                  Position   Len  Term Encl Datatype
------------------------------ ---------- ----- ---- ---- ---------------------
USERNAME                            FIRST     *   ,  O(") CHARACTER            
GROUPID                              NEXT     *   ,  O(") CHARACTER            
STATUS                               NEXT     *   ,  O(") CHARACTER            
INVITATIONMESSAGE                    NEXT     *   ,  O(") CHARACTER            


Table GROUPMEMBERSHIP:
  3 Rows successfully loaded.
  0 Rows not loaded due to data errors.
  0 Rows not loaded because all WHEN clauses were failed.
  0 Rows not loaded because all fields were null.


Space allocated for bind array:                  66048 bytes(64 rows)
Read   buffer bytes: 1048576

Total logical records skipped:          0
Total logical records read:             3
Total logical records rejected:         0
Total logical records discarded:        0

Run began on Tue Apr 27 02:14:12 2021
Run ended on Tue Apr 27 02:14:12 2021

Elapsed time was:     00:00:00.02
CPU time was:         00:00:00.01
